Determining if the pthread_create exist failed with the following output:
Change Dir: /home/miguelgi347/Final_project/CSCE435GroupProject/QuickSort/mpi/CMakeFiles/CMakeTmp

<<<<<<< HEAD
Run Build Command:"/usr/bin/gmake" "cmTC_dbe32/fast"
/usr/bin/gmake -f CMakeFiles/cmTC_dbe32.dir/build.make CMakeFiles/cmTC_dbe32.dir/build
gmake[1]: Entering directory `/home/miguelgi347/Final_project/CSCE435GroupProject/QuickSort/mpi/CMakeFiles/CMakeTmp'
Building C object CMakeFiles/cmTC_dbe32.dir/CheckSymbolExists.c.o
/sw/eb/sw/GCCcore/10.2.0/bin/cc    -o CMakeFiles/cmTC_dbe32.dir/CheckSymbolExists.c.o   -c /home/miguelgi347/Final_project/CSCE435GroupProject/QuickSort/mpi/CMakeFiles/CMakeTmp/CheckSymbolExists.c
Linking C executable cmTC_dbe32
/sw/eb/sw/CMake/3.12.1/bin/cmake -E cmake_link_script CMakeFiles/cmTC_dbe32.dir/link.txt --verbose=1
/sw/eb/sw/GCCcore/10.2.0/bin/cc      CMakeFiles/cmTC_dbe32.dir/CheckSymbolExists.c.o  -o cmTC_dbe32 
CMakeFiles/cmTC_dbe32.dir/CheckSymbolExists.c.o:CheckSymbolExists.c:function main: error: undefined reference to 'pthread_create'
collect2: error: ld returned 1 exit status
gmake[1]: *** [cmTC_dbe32] Error 1
gmake[1]: Leaving directory `/home/miguelgi347/Final_project/CSCE435GroupProject/QuickSort/mpi/CMakeFiles/CMakeTmp'
gmake: *** [cmTC_dbe32/fast] Error 2
=======
Run Build Command:"/usr/bin/gmake" "cmTC_f7743/fast"
/usr/bin/gmake -f CMakeFiles/cmTC_f7743.dir/build.make CMakeFiles/cmTC_f7743.dir/build
gmake[1]: Entering directory `/scratch/user/aidan.heffron/CSCE435GroupProject/QuickSort/mpi/CMakeFiles/CMakeTmp'
Building C object CMakeFiles/cmTC_f7743.dir/CheckSymbolExists.c.o
/sw/eb/sw/GCCcore/10.2.0/bin/cc    -o CMakeFiles/cmTC_f7743.dir/CheckSymbolExists.c.o   -c /scratch/user/aidan.heffron/CSCE435GroupProject/QuickSort/mpi/CMakeFiles/CMakeTmp/CheckSymbolExists.c
Linking C executable cmTC_f7743
/sw/eb/sw/CMake/3.12.1/bin/cmake -E cmake_link_script CMakeFiles/cmTC_f7743.dir/link.txt --verbose=1
/sw/eb/sw/GCCcore/10.2.0/bin/cc      CMakeFiles/cmTC_f7743.dir/CheckSymbolExists.c.o  -o cmTC_f7743 
CMakeFiles/cmTC_f7743.dir/CheckSymbolExists.c.o:CheckSymbolExists.c:function main: error: undefined reference to 'pthread_create'
collect2: error: ld returned 1 exit status
gmake[1]: *** [cmTC_f7743] Error 1
gmake[1]: Leaving directory `/scratch/user/aidan.heffron/CSCE435GroupProject/QuickSort/mpi/CMakeFiles/CMakeTmp'
gmake: *** [cmTC_f7743/fast] Error 2
>>>>>>> 3c5df38653ba4aff0ae8300bbb0e76c71a2606a9

File /home/miguelgi347/Final_project/CSCE435GroupProject/QuickSort/mpi/CMakeFiles/CMakeTmp/CheckSymbolExists.c:
/* */
#include <pthread.h>

int main(int argc, char** argv)
{
  (void)argv;
#ifndef pthread_create
  return ((int*)(&pthread_create))[argc];
#else
  (void)argc;
  return 0;
#endif
}

Determining if the function pthread_create exists in the pthreads failed with the following output:
Change Dir: /home/miguelgi347/Final_project/CSCE435GroupProject/QuickSort/mpi/CMakeFiles/CMakeTmp

<<<<<<< HEAD
Run Build Command:"/usr/bin/gmake" "cmTC_2c6d6/fast"
/usr/bin/gmake -f CMakeFiles/cmTC_2c6d6.dir/build.make CMakeFiles/cmTC_2c6d6.dir/build
gmake[1]: Entering directory `/home/miguelgi347/Final_project/CSCE435GroupProject/QuickSort/mpi/CMakeFiles/CMakeTmp'
Building C object CMakeFiles/cmTC_2c6d6.dir/CheckFunctionExists.c.o
/sw/eb/sw/GCCcore/10.2.0/bin/cc   -DCHECK_FUNCTION_EXISTS=pthread_create   -o CMakeFiles/cmTC_2c6d6.dir/CheckFunctionExists.c.o   -c /sw/eb/sw/CMake/3.12.1/share/cmake-3.12/Modules/CheckFunctionExists.c
Linking C executable cmTC_2c6d6
/sw/eb/sw/CMake/3.12.1/bin/cmake -E cmake_link_script CMakeFiles/cmTC_2c6d6.dir/link.txt --verbose=1
/sw/eb/sw/GCCcore/10.2.0/bin/cc  -DCHECK_FUNCTION_EXISTS=pthread_create    CMakeFiles/cmTC_2c6d6.dir/CheckFunctionExists.c.o  -o cmTC_2c6d6 -lpthreads 
/sw/eb/sw/binutils/2.35-GCCcore-10.2.0/bin/ld.gold: error: cannot find -lpthreads
CMakeFiles/cmTC_2c6d6.dir/CheckFunctionExists.c.o:CheckFunctionExists.c:function main: error: undefined reference to 'pthread_create'
collect2: error: ld returned 1 exit status
gmake[1]: *** [cmTC_2c6d6] Error 1
gmake[1]: Leaving directory `/home/miguelgi347/Final_project/CSCE435GroupProject/QuickSort/mpi/CMakeFiles/CMakeTmp'
gmake: *** [cmTC_2c6d6/fast] Error 2


Determining if the pthread_create exist failed with the following output:
Change Dir: /home/miguelgi347/Final_project/CSCE435GroupProject/QuickSort/mpi/CMakeFiles/CMakeTmp

Run Build Command:"/usr/bin/gmake" "cmTC_2ec98/fast"
/usr/bin/gmake -f CMakeFiles/cmTC_2ec98.dir/build.make CMakeFiles/cmTC_2ec98.dir/build
gmake[1]: Entering directory `/home/miguelgi347/Final_project/CSCE435GroupProject/QuickSort/mpi/CMakeFiles/CMakeTmp'
Building C object CMakeFiles/cmTC_2ec98.dir/CheckSymbolExists.c.o
/sw/eb/sw/GCCcore/10.2.0/bin/cc    -o CMakeFiles/cmTC_2ec98.dir/CheckSymbolExists.c.o   -c /home/miguelgi347/Final_project/CSCE435GroupProject/QuickSort/mpi/CMakeFiles/CMakeTmp/CheckSymbolExists.c
Linking C executable cmTC_2ec98
/sw/eb/sw/CMake/3.12.1/bin/cmake -E cmake_link_script CMakeFiles/cmTC_2ec98.dir/link.txt --verbose=1
/sw/eb/sw/GCCcore/10.2.0/bin/cc      CMakeFiles/cmTC_2ec98.dir/CheckSymbolExists.c.o  -o cmTC_2ec98 
CMakeFiles/cmTC_2ec98.dir/CheckSymbolExists.c.o:CheckSymbolExists.c:function main: error: undefined reference to 'pthread_create'
collect2: error: ld returned 1 exit status
gmake[1]: *** [cmTC_2ec98] Error 1
gmake[1]: Leaving directory `/home/miguelgi347/Final_project/CSCE435GroupProject/QuickSort/mpi/CMakeFiles/CMakeTmp'
gmake: *** [cmTC_2ec98/fast] Error 2

File /home/miguelgi347/Final_project/CSCE435GroupProject/QuickSort/mpi/CMakeFiles/CMakeTmp/CheckSymbolExists.c:
/* */
#include <pthread.h>

int main(int argc, char** argv)
{
  (void)argv;
#ifndef pthread_create
  return ((int*)(&pthread_create))[argc];
#else
  (void)argc;
  return 0;
#endif
}

Determining if the function pthread_create exists in the pthreads failed with the following output:
Change Dir: /home/miguelgi347/Final_project/CSCE435GroupProject/QuickSort/mpi/CMakeFiles/CMakeTmp

Run Build Command:"/usr/bin/gmake" "cmTC_d6250/fast"
/usr/bin/gmake -f CMakeFiles/cmTC_d6250.dir/build.make CMakeFiles/cmTC_d6250.dir/build
gmake[1]: Entering directory `/home/miguelgi347/Final_project/CSCE435GroupProject/QuickSort/mpi/CMakeFiles/CMakeTmp'
Building C object CMakeFiles/cmTC_d6250.dir/CheckFunctionExists.c.o
/sw/eb/sw/GCCcore/10.2.0/bin/cc   -DCHECK_FUNCTION_EXISTS=pthread_create   -o CMakeFiles/cmTC_d6250.dir/CheckFunctionExists.c.o   -c /sw/eb/sw/CMake/3.12.1/share/cmake-3.12/Modules/CheckFunctionExists.c
Linking C executable cmTC_d6250
/sw/eb/sw/CMake/3.12.1/bin/cmake -E cmake_link_script CMakeFiles/cmTC_d6250.dir/link.txt --verbose=1
/sw/eb/sw/GCCcore/10.2.0/bin/cc  -DCHECK_FUNCTION_EXISTS=pthread_create    CMakeFiles/cmTC_d6250.dir/CheckFunctionExists.c.o  -o cmTC_d6250 -lpthreads 
/sw/eb/sw/binutils/2.35-GCCcore-10.2.0/bin/ld.gold: error: cannot find -lpthreads
CMakeFiles/cmTC_d6250.dir/CheckFunctionExists.c.o:CheckFunctionExists.c:function main: error: undefined reference to 'pthread_create'
collect2: error: ld returned 1 exit status
gmake[1]: *** [cmTC_d6250] Error 1
gmake[1]: Leaving directory `/home/miguelgi347/Final_project/CSCE435GroupProject/QuickSort/mpi/CMakeFiles/CMakeTmp'
gmake: *** [cmTC_d6250/fast] Error 2
=======
Run Build Command:"/usr/bin/gmake" "cmTC_16ca9/fast"
/usr/bin/gmake -f CMakeFiles/cmTC_16ca9.dir/build.make CMakeFiles/cmTC_16ca9.dir/build
gmake[1]: Entering directory `/scratch/user/aidan.heffron/CSCE435GroupProject/QuickSort/mpi/CMakeFiles/CMakeTmp'
Building C object CMakeFiles/cmTC_16ca9.dir/CheckFunctionExists.c.o
/sw/eb/sw/GCCcore/10.2.0/bin/cc   -DCHECK_FUNCTION_EXISTS=pthread_create   -o CMakeFiles/cmTC_16ca9.dir/CheckFunctionExists.c.o   -c /sw/eb/sw/CMake/3.12.1/share/cmake-3.12/Modules/CheckFunctionExists.c
Linking C executable cmTC_16ca9
/sw/eb/sw/CMake/3.12.1/bin/cmake -E cmake_link_script CMakeFiles/cmTC_16ca9.dir/link.txt --verbose=1
/sw/eb/sw/GCCcore/10.2.0/bin/cc  -DCHECK_FUNCTION_EXISTS=pthread_create    CMakeFiles/cmTC_16ca9.dir/CheckFunctionExists.c.o  -o cmTC_16ca9 -lpthreads 
/sw/eb/sw/binutils/2.35-GCCcore-10.2.0/bin/ld.gold: error: cannot find -lpthreads
CMakeFiles/cmTC_16ca9.dir/CheckFunctionExists.c.o:CheckFunctionExists.c:function main: error: undefined reference to 'pthread_create'
collect2: error: ld returned 1 exit status
gmake[1]: *** [cmTC_16ca9] Error 1
gmake[1]: Leaving directory `/scratch/user/aidan.heffron/CSCE435GroupProject/QuickSort/mpi/CMakeFiles/CMakeTmp'
gmake: *** [cmTC_16ca9/fast] Error 2
>>>>>>> 3c5df38653ba4aff0ae8300bbb0e76c71a2606a9


