Determining if the pthread_create exist failed with the following output:
Change Dir: /home/aidan.heffron/CSCE435/CSCE435GroupProject/SampleSort/mpi/CMakeFiles/CMakeTmp

Run Build Command:"/usr/bin/gmake" "cmTC_a0c43/fast"
/usr/bin/gmake -f CMakeFiles/cmTC_a0c43.dir/build.make CMakeFiles/cmTC_a0c43.dir/build
gmake[1]: Entering directory `/home/aidan.heffron/CSCE435/CSCE435GroupProject/SampleSort/mpi/CMakeFiles/CMakeTmp'
Building C object CMakeFiles/cmTC_a0c43.dir/CheckSymbolExists.c.o
/sw/eb/sw/GCCcore/10.2.0/bin/cc    -o CMakeFiles/cmTC_a0c43.dir/CheckSymbolExists.c.o   -c /home/aidan.heffron/CSCE435/CSCE435GroupProject/SampleSort/mpi/CMakeFiles/CMakeTmp/CheckSymbolExists.c
Linking C executable cmTC_a0c43
/sw/eb/sw/CMake/3.12.1/bin/cmake -E cmake_link_script CMakeFiles/cmTC_a0c43.dir/link.txt --verbose=1
/sw/eb/sw/GCCcore/10.2.0/bin/cc      CMakeFiles/cmTC_a0c43.dir/CheckSymbolExists.c.o  -o cmTC_a0c43 
CMakeFiles/cmTC_a0c43.dir/CheckSymbolExists.c.o:CheckSymbolExists.c:function main: error: undefined reference to 'pthread_create'
collect2: error: ld returned 1 exit status
gmake[1]: *** [cmTC_a0c43] Error 1
gmake[1]: Leaving directory `/home/aidan.heffron/CSCE435/CSCE435GroupProject/SampleSort/mpi/CMakeFiles/CMakeTmp'
gmake: *** [cmTC_a0c43/fast] Error 2

File /home/aidan.heffron/CSCE435/CSCE435GroupProject/SampleSort/mpi/CMakeFiles/CMakeTmp/CheckSymbolExists.c:
/* */
#include <pthread.h>

int main(int argc, char** argv)
{
  (void)argv;
#ifndef pthread_create
  return ((int*)(&pthread_create))[argc];
#else
  (void)argc;
  return 0;
#endif
}

Determining if the function pthread_create exists in the pthreads failed with the following output:
Change Dir: /home/aidan.heffron/CSCE435/CSCE435GroupProject/SampleSort/mpi/CMakeFiles/CMakeTmp

Run Build Command:"/usr/bin/gmake" "cmTC_4ac1d/fast"
/usr/bin/gmake -f CMakeFiles/cmTC_4ac1d.dir/build.make CMakeFiles/cmTC_4ac1d.dir/build
gmake[1]: Entering directory `/home/aidan.heffron/CSCE435/CSCE435GroupProject/SampleSort/mpi/CMakeFiles/CMakeTmp'
Building C object CMakeFiles/cmTC_4ac1d.dir/CheckFunctionExists.c.o
/sw/eb/sw/GCCcore/10.2.0/bin/cc   -DCHECK_FUNCTION_EXISTS=pthread_create   -o CMakeFiles/cmTC_4ac1d.dir/CheckFunctionExists.c.o   -c /sw/eb/sw/CMake/3.12.1/share/cmake-3.12/Modules/CheckFunctionExists.c
Linking C executable cmTC_4ac1d
/sw/eb/sw/CMake/3.12.1/bin/cmake -E cmake_link_script CMakeFiles/cmTC_4ac1d.dir/link.txt --verbose=1
/sw/eb/sw/GCCcore/10.2.0/bin/cc  -DCHECK_FUNCTION_EXISTS=pthread_create    CMakeFiles/cmTC_4ac1d.dir/CheckFunctionExists.c.o  -o cmTC_4ac1d -lpthreads 
/sw/eb/sw/binutils/2.35-GCCcore-10.2.0/bin/ld.gold: error: cannot find -lpthreads
CMakeFiles/cmTC_4ac1d.dir/CheckFunctionExists.c.o:CheckFunctionExists.c:function main: error: undefined reference to 'pthread_create'
collect2: error: ld returned 1 exit status
gmake[1]: *** [cmTC_4ac1d] Error 1
gmake[1]: Leaving directory `/home/aidan.heffron/CSCE435/CSCE435GroupProject/SampleSort/mpi/CMakeFiles/CMakeTmp'
gmake: *** [cmTC_4ac1d/fast] Error 2


Determining if the pthread_create exist failed with the following output:
Change Dir: /home/miguelgi347/Final_project/CSCE435GroupProject/SampleSort/mpi/CMakeFiles/CMakeTmp

Run Build Command:"/usr/bin/gmake" "cmTC_59bad/fast"
/usr/bin/gmake -f CMakeFiles/cmTC_59bad.dir/build.make CMakeFiles/cmTC_59bad.dir/build
gmake[1]: Entering directory `/home/miguelgi347/Final_project/CSCE435GroupProject/SampleSort/mpi/CMakeFiles/CMakeTmp'
Building C object CMakeFiles/cmTC_59bad.dir/CheckSymbolExists.c.o
/sw/eb/sw/GCCcore/10.2.0/bin/cc    -o CMakeFiles/cmTC_59bad.dir/CheckSymbolExists.c.o   -c /home/miguelgi347/Final_project/CSCE435GroupProject/SampleSort/mpi/CMakeFiles/CMakeTmp/CheckSymbolExists.c
Linking C executable cmTC_59bad
/sw/eb/sw/CMake/3.12.1/bin/cmake -E cmake_link_script CMakeFiles/cmTC_59bad.dir/link.txt --verbose=1
/sw/eb/sw/GCCcore/10.2.0/bin/cc      CMakeFiles/cmTC_59bad.dir/CheckSymbolExists.c.o  -o cmTC_59bad 
CMakeFiles/cmTC_59bad.dir/CheckSymbolExists.c.o:CheckSymbolExists.c:function main: error: undefined reference to 'pthread_create'
collect2: error: ld returned 1 exit status
gmake[1]: *** [cmTC_59bad] Error 1
gmake[1]: Leaving directory `/home/miguelgi347/Final_project/CSCE435GroupProject/SampleSort/mpi/CMakeFiles/CMakeTmp'
gmake: *** [cmTC_59bad/fast] Error 2

File /home/miguelgi347/Final_project/CSCE435GroupProject/SampleSort/mpi/CMakeFiles/CMakeTmp/CheckSymbolExists.c:
/* */
#include <pthread.h>

int main(int argc, char** argv)
{
  (void)argv;
#ifndef pthread_create
  return ((int*)(&pthread_create))[argc];
#else
  (void)argc;
  return 0;
#endif
}

Determining if the function pthread_create exists in the pthreads failed with the following output:
Change Dir: /home/miguelgi347/Final_project/CSCE435GroupProject/SampleSort/mpi/CMakeFiles/CMakeTmp

Run Build Command:"/usr/bin/gmake" "cmTC_c78fe/fast"
/usr/bin/gmake -f CMakeFiles/cmTC_c78fe.dir/build.make CMakeFiles/cmTC_c78fe.dir/build
gmake[1]: Entering directory `/home/miguelgi347/Final_project/CSCE435GroupProject/SampleSort/mpi/CMakeFiles/CMakeTmp'
Building C object CMakeFiles/cmTC_c78fe.dir/CheckFunctionExists.c.o
/sw/eb/sw/GCCcore/10.2.0/bin/cc   -DCHECK_FUNCTION_EXISTS=pthread_create   -o CMakeFiles/cmTC_c78fe.dir/CheckFunctionExists.c.o   -c /sw/eb/sw/CMake/3.12.1/share/cmake-3.12/Modules/CheckFunctionExists.c
Linking C executable cmTC_c78fe
/sw/eb/sw/CMake/3.12.1/bin/cmake -E cmake_link_script CMakeFiles/cmTC_c78fe.dir/link.txt --verbose=1
/sw/eb/sw/GCCcore/10.2.0/bin/cc  -DCHECK_FUNCTION_EXISTS=pthread_create    CMakeFiles/cmTC_c78fe.dir/CheckFunctionExists.c.o  -o cmTC_c78fe -lpthreads 
/sw/eb/sw/binutils/2.35-GCCcore-10.2.0/bin/ld.gold: error: cannot find -lpthreads
CMakeFiles/cmTC_c78fe.dir/CheckFunctionExists.c.o:CheckFunctionExists.c:function main: error: undefined reference to 'pthread_create'
collect2: error: ld returned 1 exit status
gmake[1]: *** [cmTC_c78fe] Error 1
gmake[1]: Leaving directory `/home/miguelgi347/Final_project/CSCE435GroupProject/SampleSort/mpi/CMakeFiles/CMakeTmp'
gmake: *** [cmTC_c78fe/fast] Error 2


Determining if the pthread_create exist failed with the following output:
Change Dir: /home/miguelgi347/Final_project/CSCE435GroupProject/SampleSort/mpi/CMakeFiles/CMakeTmp

Run Build Command:"/usr/bin/gmake" "cmTC_21fee/fast"
/usr/bin/gmake -f CMakeFiles/cmTC_21fee.dir/build.make CMakeFiles/cmTC_21fee.dir/build
gmake[1]: Entering directory `/home/miguelgi347/Final_project/CSCE435GroupProject/SampleSort/mpi/CMakeFiles/CMakeTmp'
Building C object CMakeFiles/cmTC_21fee.dir/CheckSymbolExists.c.o
/sw/eb/sw/GCCcore/10.2.0/bin/cc    -o CMakeFiles/cmTC_21fee.dir/CheckSymbolExists.c.o   -c /home/miguelgi347/Final_project/CSCE435GroupProject/SampleSort/mpi/CMakeFiles/CMakeTmp/CheckSymbolExists.c
Linking C executable cmTC_21fee
/sw/eb/sw/CMake/3.12.1/bin/cmake -E cmake_link_script CMakeFiles/cmTC_21fee.dir/link.txt --verbose=1
/sw/eb/sw/GCCcore/10.2.0/bin/cc      CMakeFiles/cmTC_21fee.dir/CheckSymbolExists.c.o  -o cmTC_21fee 
CMakeFiles/cmTC_21fee.dir/CheckSymbolExists.c.o:CheckSymbolExists.c:function main: error: undefined reference to 'pthread_create'
collect2: error: ld returned 1 exit status
gmake[1]: *** [cmTC_21fee] Error 1
gmake[1]: Leaving directory `/home/miguelgi347/Final_project/CSCE435GroupProject/SampleSort/mpi/CMakeFiles/CMakeTmp'
gmake: *** [cmTC_21fee/fast] Error 2

File /home/miguelgi347/Final_project/CSCE435GroupProject/SampleSort/mpi/CMakeFiles/CMakeTmp/CheckSymbolExists.c:
/* */
#include <pthread.h>

int main(int argc, char** argv)
{
  (void)argv;
#ifndef pthread_create
  return ((int*)(&pthread_create))[argc];
#else
  (void)argc;
  return 0;
#endif
}

Determining if the function pthread_create exists in the pthreads failed with the following output:
Change Dir: /home/miguelgi347/Final_project/CSCE435GroupProject/SampleSort/mpi/CMakeFiles/CMakeTmp

Run Build Command:"/usr/bin/gmake" "cmTC_0d010/fast"
/usr/bin/gmake -f CMakeFiles/cmTC_0d010.dir/build.make CMakeFiles/cmTC_0d010.dir/build
gmake[1]: Entering directory `/home/miguelgi347/Final_project/CSCE435GroupProject/SampleSort/mpi/CMakeFiles/CMakeTmp'
Building C object CMakeFiles/cmTC_0d010.dir/CheckFunctionExists.c.o
/sw/eb/sw/GCCcore/10.2.0/bin/cc   -DCHECK_FUNCTION_EXISTS=pthread_create   -o CMakeFiles/cmTC_0d010.dir/CheckFunctionExists.c.o   -c /sw/eb/sw/CMake/3.12.1/share/cmake-3.12/Modules/CheckFunctionExists.c
Linking C executable cmTC_0d010
/sw/eb/sw/CMake/3.12.1/bin/cmake -E cmake_link_script CMakeFiles/cmTC_0d010.dir/link.txt --verbose=1
/sw/eb/sw/GCCcore/10.2.0/bin/cc  -DCHECK_FUNCTION_EXISTS=pthread_create    CMakeFiles/cmTC_0d010.dir/CheckFunctionExists.c.o  -o cmTC_0d010 -lpthreads 
/sw/eb/sw/binutils/2.35-GCCcore-10.2.0/bin/ld.gold: error: cannot find -lpthreads
CMakeFiles/cmTC_0d010.dir/CheckFunctionExists.c.o:CheckFunctionExists.c:function main: error: undefined reference to 'pthread_create'
collect2: error: ld returned 1 exit status
gmake[1]: *** [cmTC_0d010] Error 1
gmake[1]: Leaving directory `/home/miguelgi347/Final_project/CSCE435GroupProject/SampleSort/mpi/CMakeFiles/CMakeTmp'
gmake: *** [cmTC_0d010/fast] Error 2


