Determining if the pthread_create exist failed with the following output:
Change Dir: /home/miguelgi347/Final_project/CSCE435GroupProject/MergeSort/mpi/CMakeFiles/CMakeTmp

Run Build Command:"/usr/bin/gmake" "cmTC_6468c/fast"
/usr/bin/gmake -f CMakeFiles/cmTC_6468c.dir/build.make CMakeFiles/cmTC_6468c.dir/build
gmake[1]: Entering directory `/home/miguelgi347/Final_project/CSCE435GroupProject/MergeSort/mpi/CMakeFiles/CMakeTmp'
Building C object CMakeFiles/cmTC_6468c.dir/CheckSymbolExists.c.o
/sw/eb/sw/GCCcore/10.2.0/bin/cc    -o CMakeFiles/cmTC_6468c.dir/CheckSymbolExists.c.o   -c /home/miguelgi347/Final_project/CSCE435GroupProject/MergeSort/mpi/CMakeFiles/CMakeTmp/CheckSymbolExists.c
Linking C executable cmTC_6468c
/sw/eb/sw/CMake/3.12.1/bin/cmake -E cmake_link_script CMakeFiles/cmTC_6468c.dir/link.txt --verbose=1
/sw/eb/sw/GCCcore/10.2.0/bin/cc      CMakeFiles/cmTC_6468c.dir/CheckSymbolExists.c.o  -o cmTC_6468c 
CMakeFiles/cmTC_6468c.dir/CheckSymbolExists.c.o:CheckSymbolExists.c:function main: error: undefined reference to 'pthread_create'
collect2: error: ld returned 1 exit status
gmake[1]: *** [cmTC_6468c] Error 1
gmake[1]: Leaving directory `/home/miguelgi347/Final_project/CSCE435GroupProject/MergeSort/mpi/CMakeFiles/CMakeTmp'
gmake: *** [cmTC_6468c/fast] Error 2

File /home/miguelgi347/Final_project/CSCE435GroupProject/MergeSort/mpi/CMakeFiles/CMakeTmp/CheckSymbolExists.c:
/* */
#include <pthread.h>

int main(int argc, char** argv)
{
  (void)argv;
#ifndef pthread_create
  return ((int*)(&pthread_create))[argc];
#else
  (void)argc;
  return 0;
#endif
}

Determining if the function pthread_create exists in the pthreads failed with the following output:
Change Dir: /home/miguelgi347/Final_project/CSCE435GroupProject/MergeSort/mpi/CMakeFiles/CMakeTmp

Run Build Command:"/usr/bin/gmake" "cmTC_6ccb3/fast"
/usr/bin/gmake -f CMakeFiles/cmTC_6ccb3.dir/build.make CMakeFiles/cmTC_6ccb3.dir/build
gmake[1]: Entering directory `/home/miguelgi347/Final_project/CSCE435GroupProject/MergeSort/mpi/CMakeFiles/CMakeTmp'
Building C object CMakeFiles/cmTC_6ccb3.dir/CheckFunctionExists.c.o
/sw/eb/sw/GCCcore/10.2.0/bin/cc   -DCHECK_FUNCTION_EXISTS=pthread_create   -o CMakeFiles/cmTC_6ccb3.dir/CheckFunctionExists.c.o   -c /sw/eb/sw/CMake/3.12.1/share/cmake-3.12/Modules/CheckFunctionExists.c
Linking C executable cmTC_6ccb3
/sw/eb/sw/CMake/3.12.1/bin/cmake -E cmake_link_script CMakeFiles/cmTC_6ccb3.dir/link.txt --verbose=1
/sw/eb/sw/GCCcore/10.2.0/bin/cc  -DCHECK_FUNCTION_EXISTS=pthread_create    CMakeFiles/cmTC_6ccb3.dir/CheckFunctionExists.c.o  -o cmTC_6ccb3 -lpthreads 
/sw/eb/sw/binutils/2.35-GCCcore-10.2.0/bin/ld.gold: error: cannot find -lpthreads
CMakeFiles/cmTC_6ccb3.dir/CheckFunctionExists.c.o:CheckFunctionExists.c:function main: error: undefined reference to 'pthread_create'
collect2: error: ld returned 1 exit status
gmake[1]: *** [cmTC_6ccb3] Error 1
gmake[1]: Leaving directory `/home/miguelgi347/Final_project/CSCE435GroupProject/MergeSort/mpi/CMakeFiles/CMakeTmp'
gmake: *** [cmTC_6ccb3/fast] Error 2


Determining if the pthread_create exist failed with the following output:
Change Dir: /scratch/user/miguelgi347/FINAL_proj/CSCE435GroupProject/MergeSort/mpi/CMakeFiles/CMakeTmp

Run Build Command:"/usr/bin/gmake" "cmTC_6041a/fast"
/usr/bin/gmake -f CMakeFiles/cmTC_6041a.dir/build.make CMakeFiles/cmTC_6041a.dir/build
gmake[1]: Entering directory `/scratch/user/miguelgi347/FINAL_proj/CSCE435GroupProject/MergeSort/mpi/CMakeFiles/CMakeTmp'
Building C object CMakeFiles/cmTC_6041a.dir/CheckSymbolExists.c.o
/sw/eb/sw/GCCcore/10.2.0/bin/cc    -o CMakeFiles/cmTC_6041a.dir/CheckSymbolExists.c.o   -c /scratch/user/miguelgi347/FINAL_proj/CSCE435GroupProject/MergeSort/mpi/CMakeFiles/CMakeTmp/CheckSymbolExists.c
Linking C executable cmTC_6041a
/sw/eb/sw/CMake/3.12.1/bin/cmake -E cmake_link_script CMakeFiles/cmTC_6041a.dir/link.txt --verbose=1
/sw/eb/sw/GCCcore/10.2.0/bin/cc      CMakeFiles/cmTC_6041a.dir/CheckSymbolExists.c.o  -o cmTC_6041a 
CMakeFiles/cmTC_6041a.dir/CheckSymbolExists.c.o:CheckSymbolExists.c:function main: error: undefined reference to 'pthread_create'
collect2: error: ld returned 1 exit status
gmake[1]: *** [cmTC_6041a] Error 1
gmake[1]: Leaving directory `/scratch/user/miguelgi347/FINAL_proj/CSCE435GroupProject/MergeSort/mpi/CMakeFiles/CMakeTmp'
gmake: *** [cmTC_6041a/fast] Error 2

File /scratch/user/miguelgi347/FINAL_proj/CSCE435GroupProject/MergeSort/mpi/CMakeFiles/CMakeTmp/CheckSymbolExists.c:
/* */
#include <pthread.h>

int main(int argc, char** argv)
{
  (void)argv;
#ifndef pthread_create
  return ((int*)(&pthread_create))[argc];
#else
  (void)argc;
  return 0;
#endif
}

Determining if the function pthread_create exists in the pthreads failed with the following output:
Change Dir: /scratch/user/miguelgi347/FINAL_proj/CSCE435GroupProject/MergeSort/mpi/CMakeFiles/CMakeTmp

Run Build Command:"/usr/bin/gmake" "cmTC_8c6a3/fast"
/usr/bin/gmake -f CMakeFiles/cmTC_8c6a3.dir/build.make CMakeFiles/cmTC_8c6a3.dir/build
gmake[1]: Entering directory `/scratch/user/miguelgi347/FINAL_proj/CSCE435GroupProject/MergeSort/mpi/CMakeFiles/CMakeTmp'
Building C object CMakeFiles/cmTC_8c6a3.dir/CheckFunctionExists.c.o
/sw/eb/sw/GCCcore/10.2.0/bin/cc   -DCHECK_FUNCTION_EXISTS=pthread_create   -o CMakeFiles/cmTC_8c6a3.dir/CheckFunctionExists.c.o   -c /sw/eb/sw/CMake/3.12.1/share/cmake-3.12/Modules/CheckFunctionExists.c
Linking C executable cmTC_8c6a3
/sw/eb/sw/CMake/3.12.1/bin/cmake -E cmake_link_script CMakeFiles/cmTC_8c6a3.dir/link.txt --verbose=1
/sw/eb/sw/GCCcore/10.2.0/bin/cc  -DCHECK_FUNCTION_EXISTS=pthread_create    CMakeFiles/cmTC_8c6a3.dir/CheckFunctionExists.c.o  -o cmTC_8c6a3 -lpthreads 
/sw/eb/sw/binutils/2.35-GCCcore-10.2.0/bin/ld.gold: error: cannot find -lpthreads
CMakeFiles/cmTC_8c6a3.dir/CheckFunctionExists.c.o:CheckFunctionExists.c:function main: error: undefined reference to 'pthread_create'
collect2: error: ld returned 1 exit status
gmake[1]: *** [cmTC_8c6a3] Error 1
gmake[1]: Leaving directory `/scratch/user/miguelgi347/FINAL_proj/CSCE435GroupProject/MergeSort/mpi/CMakeFiles/CMakeTmp'
gmake: *** [cmTC_8c6a3/fast] Error 2


