Determining if the pthread_create exist failed with the following output:
Change Dir: /scratch/user/aidan.heffron/CSCE435GroupProject/BitonicSort/mpi/CMakeFiles/CMakeTmp

Run Build Command:"/usr/bin/gmake" "cmTC_798c4/fast"
/usr/bin/gmake -f CMakeFiles/cmTC_798c4.dir/build.make CMakeFiles/cmTC_798c4.dir/build
gmake[1]: Entering directory `/scratch/user/aidan.heffron/CSCE435GroupProject/BitonicSort/mpi/CMakeFiles/CMakeTmp'
Building C object CMakeFiles/cmTC_798c4.dir/CheckSymbolExists.c.o
/sw/eb/sw/GCCcore/10.2.0/bin/cc    -o CMakeFiles/cmTC_798c4.dir/CheckSymbolExists.c.o   -c /scratch/user/aidan.heffron/CSCE435GroupProject/BitonicSort/mpi/CMakeFiles/CMakeTmp/CheckSymbolExists.c
Linking C executable cmTC_798c4
/sw/eb/sw/CMake/3.12.1/bin/cmake -E cmake_link_script CMakeFiles/cmTC_798c4.dir/link.txt --verbose=1
/sw/eb/sw/GCCcore/10.2.0/bin/cc      CMakeFiles/cmTC_798c4.dir/CheckSymbolExists.c.o  -o cmTC_798c4 
CMakeFiles/cmTC_798c4.dir/CheckSymbolExists.c.o:CheckSymbolExists.c:function main: error: undefined reference to 'pthread_create'
collect2: error: ld returned 1 exit status
gmake[1]: *** [cmTC_798c4] Error 1
gmake[1]: Leaving directory `/scratch/user/aidan.heffron/CSCE435GroupProject/BitonicSort/mpi/CMakeFiles/CMakeTmp'
gmake: *** [cmTC_798c4/fast] Error 2

File /scratch/user/aidan.heffron/CSCE435GroupProject/BitonicSort/mpi/CMakeFiles/CMakeTmp/CheckSymbolExists.c:
/* */
#include <pthread.h>

int main(int argc, char** argv)
{
  (void)argv;
#ifndef pthread_create
  return ((int*)(&pthread_create))[argc];
#else
  (void)argc;
  return 0;
#endif
}

Determining if the function pthread_create exists in the pthreads failed with the following output:
Change Dir: /scratch/user/aidan.heffron/CSCE435GroupProject/BitonicSort/mpi/CMakeFiles/CMakeTmp

Run Build Command:"/usr/bin/gmake" "cmTC_f9e79/fast"
/usr/bin/gmake -f CMakeFiles/cmTC_f9e79.dir/build.make CMakeFiles/cmTC_f9e79.dir/build
gmake[1]: Entering directory `/scratch/user/aidan.heffron/CSCE435GroupProject/BitonicSort/mpi/CMakeFiles/CMakeTmp'
Building C object CMakeFiles/cmTC_f9e79.dir/CheckFunctionExists.c.o
/sw/eb/sw/GCCcore/10.2.0/bin/cc   -DCHECK_FUNCTION_EXISTS=pthread_create   -o CMakeFiles/cmTC_f9e79.dir/CheckFunctionExists.c.o   -c /sw/eb/sw/CMake/3.12.1/share/cmake-3.12/Modules/CheckFunctionExists.c
Linking C executable cmTC_f9e79
/sw/eb/sw/CMake/3.12.1/bin/cmake -E cmake_link_script CMakeFiles/cmTC_f9e79.dir/link.txt --verbose=1
/sw/eb/sw/GCCcore/10.2.0/bin/cc  -DCHECK_FUNCTION_EXISTS=pthread_create    CMakeFiles/cmTC_f9e79.dir/CheckFunctionExists.c.o  -o cmTC_f9e79 -lpthreads 
/sw/eb/sw/binutils/2.35-GCCcore-10.2.0/bin/ld.gold: error: cannot find -lpthreads
CMakeFiles/cmTC_f9e79.dir/CheckFunctionExists.c.o:CheckFunctionExists.c:function main: error: undefined reference to 'pthread_create'
collect2: error: ld returned 1 exit status
gmake[1]: *** [cmTC_f9e79] Error 1
gmake[1]: Leaving directory `/scratch/user/aidan.heffron/CSCE435GroupProject/BitonicSort/mpi/CMakeFiles/CMakeTmp'
gmake: *** [cmTC_f9e79/fast] Error 2


Determining if the pthread_create exist failed with the following output:
Change Dir: /home/miguelgi347/Final_project/CSCE435GroupProject/BitonicSort/mpi/CMakeFiles/CMakeTmp

Run Build Command:"/usr/bin/gmake" "cmTC_2094e/fast"
/usr/bin/gmake -f CMakeFiles/cmTC_2094e.dir/build.make CMakeFiles/cmTC_2094e.dir/build
gmake[1]: Entering directory `/home/miguelgi347/Final_project/CSCE435GroupProject/BitonicSort/mpi/CMakeFiles/CMakeTmp'
Building C object CMakeFiles/cmTC_2094e.dir/CheckSymbolExists.c.o
/sw/eb/sw/GCCcore/10.2.0/bin/cc    -o CMakeFiles/cmTC_2094e.dir/CheckSymbolExists.c.o   -c /home/miguelgi347/Final_project/CSCE435GroupProject/BitonicSort/mpi/CMakeFiles/CMakeTmp/CheckSymbolExists.c
Linking C executable cmTC_2094e
/sw/eb/sw/CMake/3.12.1/bin/cmake -E cmake_link_script CMakeFiles/cmTC_2094e.dir/link.txt --verbose=1
/sw/eb/sw/GCCcore/10.2.0/bin/cc      CMakeFiles/cmTC_2094e.dir/CheckSymbolExists.c.o  -o cmTC_2094e 
CMakeFiles/cmTC_2094e.dir/CheckSymbolExists.c.o:CheckSymbolExists.c:function main: error: undefined reference to 'pthread_create'
collect2: error: ld returned 1 exit status
gmake[1]: *** [cmTC_2094e] Error 1
gmake[1]: Leaving directory `/home/miguelgi347/Final_project/CSCE435GroupProject/BitonicSort/mpi/CMakeFiles/CMakeTmp'
gmake: *** [cmTC_2094e/fast] Error 2

File /home/miguelgi347/Final_project/CSCE435GroupProject/BitonicSort/mpi/CMakeFiles/CMakeTmp/CheckSymbolExists.c:
/* */
#include <pthread.h>

int main(int argc, char** argv)
{
  (void)argv;
#ifndef pthread_create
  return ((int*)(&pthread_create))[argc];
#else
  (void)argc;
  return 0;
#endif
}

Determining if the function pthread_create exists in the pthreads failed with the following output:
Change Dir: /home/miguelgi347/Final_project/CSCE435GroupProject/BitonicSort/mpi/CMakeFiles/CMakeTmp

Run Build Command:"/usr/bin/gmake" "cmTC_dd38f/fast"
/usr/bin/gmake -f CMakeFiles/cmTC_dd38f.dir/build.make CMakeFiles/cmTC_dd38f.dir/build
gmake[1]: Entering directory `/home/miguelgi347/Final_project/CSCE435GroupProject/BitonicSort/mpi/CMakeFiles/CMakeTmp'
Building C object CMakeFiles/cmTC_dd38f.dir/CheckFunctionExists.c.o
/sw/eb/sw/GCCcore/10.2.0/bin/cc   -DCHECK_FUNCTION_EXISTS=pthread_create   -o CMakeFiles/cmTC_dd38f.dir/CheckFunctionExists.c.o   -c /sw/eb/sw/CMake/3.12.1/share/cmake-3.12/Modules/CheckFunctionExists.c
Linking C executable cmTC_dd38f
/sw/eb/sw/CMake/3.12.1/bin/cmake -E cmake_link_script CMakeFiles/cmTC_dd38f.dir/link.txt --verbose=1
/sw/eb/sw/GCCcore/10.2.0/bin/cc  -DCHECK_FUNCTION_EXISTS=pthread_create    CMakeFiles/cmTC_dd38f.dir/CheckFunctionExists.c.o  -o cmTC_dd38f -lpthreads 
/sw/eb/sw/binutils/2.35-GCCcore-10.2.0/bin/ld.gold: error: cannot find -lpthreads
CMakeFiles/cmTC_dd38f.dir/CheckFunctionExists.c.o:CheckFunctionExists.c:function main: error: undefined reference to 'pthread_create'
collect2: error: ld returned 1 exit status
gmake[1]: *** [cmTC_dd38f] Error 1
gmake[1]: Leaving directory `/home/miguelgi347/Final_project/CSCE435GroupProject/BitonicSort/mpi/CMakeFiles/CMakeTmp'
gmake: *** [cmTC_dd38f/fast] Error 2


