Determining if the pthread_create exist failed with the following output:
Change Dir: /home/jfquismorio/CSCE435GroupProject/BubbleSort/mpi/CMakeFiles/CMakeTmp

Run Build Command:"/usr/bin/gmake" "cmTC_a0e3c/fast"
/usr/bin/gmake -f CMakeFiles/cmTC_a0e3c.dir/build.make CMakeFiles/cmTC_a0e3c.dir/build
gmake[1]: Entering directory `/home/jfquismorio/CSCE435GroupProject/BubbleSort/mpi/CMakeFiles/CMakeTmp'
Building C object CMakeFiles/cmTC_a0e3c.dir/CheckSymbolExists.c.o
/sw/eb/sw/GCCcore/10.2.0/bin/cc    -o CMakeFiles/cmTC_a0e3c.dir/CheckSymbolExists.c.o   -c /home/jfquismorio/CSCE435GroupProject/BubbleSort/mpi/CMakeFiles/CMakeTmp/CheckSymbolExists.c
Linking C executable cmTC_a0e3c
/sw/eb/sw/CMake/3.12.1/bin/cmake -E cmake_link_script CMakeFiles/cmTC_a0e3c.dir/link.txt --verbose=1
/sw/eb/sw/GCCcore/10.2.0/bin/cc      CMakeFiles/cmTC_a0e3c.dir/CheckSymbolExists.c.o  -o cmTC_a0e3c 
CMakeFiles/cmTC_a0e3c.dir/CheckSymbolExists.c.o:CheckSymbolExists.c:function main: error: undefined reference to 'pthread_create'
collect2: error: ld returned 1 exit status
gmake[1]: *** [cmTC_a0e3c] Error 1
gmake[1]: Leaving directory `/home/jfquismorio/CSCE435GroupProject/BubbleSort/mpi/CMakeFiles/CMakeTmp'
gmake: *** [cmTC_a0e3c/fast] Error 2

File /home/jfquismorio/CSCE435GroupProject/BubbleSort/mpi/CMakeFiles/CMakeTmp/CheckSymbolExists.c:
/* */
#include <pthread.h>

int main(int argc, char** argv)
{
  (void)argv;
#ifndef pthread_create
  return ((int*)(&pthread_create))[argc];
#else
  (void)argc;
  return 0;
#endif
}

Determining if the function pthread_create exists in the pthreads failed with the following output:
Change Dir: /home/jfquismorio/CSCE435GroupProject/BubbleSort/mpi/CMakeFiles/CMakeTmp

Run Build Command:"/usr/bin/gmake" "cmTC_20469/fast"
/usr/bin/gmake -f CMakeFiles/cmTC_20469.dir/build.make CMakeFiles/cmTC_20469.dir/build
gmake[1]: Entering directory `/home/jfquismorio/CSCE435GroupProject/BubbleSort/mpi/CMakeFiles/CMakeTmp'
Building C object CMakeFiles/cmTC_20469.dir/CheckFunctionExists.c.o
/sw/eb/sw/GCCcore/10.2.0/bin/cc   -DCHECK_FUNCTION_EXISTS=pthread_create   -o CMakeFiles/cmTC_20469.dir/CheckFunctionExists.c.o   -c /sw/eb/sw/CMake/3.12.1/share/cmake-3.12/Modules/CheckFunctionExists.c
Linking C executable cmTC_20469
/sw/eb/sw/CMake/3.12.1/bin/cmake -E cmake_link_script CMakeFiles/cmTC_20469.dir/link.txt --verbose=1
/sw/eb/sw/GCCcore/10.2.0/bin/cc  -DCHECK_FUNCTION_EXISTS=pthread_create    CMakeFiles/cmTC_20469.dir/CheckFunctionExists.c.o  -o cmTC_20469 -lpthreads 
/sw/eb/sw/binutils/2.35-GCCcore-10.2.0/bin/ld.gold: error: cannot find -lpthreads
CMakeFiles/cmTC_20469.dir/CheckFunctionExists.c.o:CheckFunctionExists.c:function main: error: undefined reference to 'pthread_create'
collect2: error: ld returned 1 exit status
gmake[1]: *** [cmTC_20469] Error 1
gmake[1]: Leaving directory `/home/jfquismorio/CSCE435GroupProject/BubbleSort/mpi/CMakeFiles/CMakeTmp'
gmake: *** [cmTC_20469/fast] Error 2


